<?xml version="1.0" encoding="UTF-8"?>
<testsuite xmlns:xsi="http://www.w3.org/2001/XMLSchema-instance" xsi:noNamespaceSchemaLocation="https://maven.apache.org/surefire/maven-surefire-plugin/xsd/surefire-test-report.xsd" name="tests.TDLogInTest" time="2.975" tests="9" errors="0" skipped="8" failures="1">
  <properties>
[...]
</properties>
  <testcase name="openTDPage" classname="tests.TDLogInTest" time="2.796">
    <failure message="Process unexpectedly closed with status 0&#10;Build info: version: &apos;3.141.59&apos;, revision: &apos;e82be7d358&apos;, time: &apos;2018-11-14T08:17:03&apos;&#10;System info: host: &apos;LAPTOP-G84QL9LV&apos;, ip: &apos;192.168.0.15&apos;, os.name: &apos;Windows 10&apos;, os.arch: &apos;amd64&apos;, os.version: &apos;10.0&apos;, java.version: &apos;17.0.1&apos;&#10;Driver info: driver.version: FirefoxDriver&#10;remote stacktrace: " type="org.openqa.selenium.WebDriverException">org.openqa.selenium.WebDriverException: 
Process unexpectedly closed with status 0
Build info: version: '3.141.59', revision: 'e82be7d358', time: '2018-11-14T08:17:03'
System info: host: 'LAPTOP-G84QL9LV', ip: '192.168.0.15', os.name: 'Windows 10', os.arch: 'amd64', os.version: '10.0', java.version: '17.0.1'
Driver info: driver.version: FirefoxDriver
remote stacktrace: 
	at tests.TDLogInTest.openTDPage(TDLogInTest.java:20)
</failure>
    <system-err><![CDATA[1648152104514	geckodriver	INFO	Listening on 127.0.0.1:36568
1648152104645	mozrunner::runner	INFO	Running command: "C:\\Program Files\\Mozilla Firefox\\firefox.exe" "--marionette" "-foreground" "-no-remote" "-profile" "C:\\Users\\vaibh\\AppData\\Local\\Temp\\rust_mozprofile2UtGFZ"
]]></system-err>
  </testcase>
  <testcase name="openTDPage" classname="tests.TDLogInTest" time="0">
    <skipped/>
  </testcase>
  <testcase name="openTDPage" classname="tests.TDLogInTest" time="0">
    <skipped/>
  </testcase>
  <testcase name="logIn" classname="tests.TDLogInTest" time="0">
    <skipped message="Process unexpectedly closed with status 0&#10;Build info: version: &apos;3.141.59&apos;, revision: &apos;e82be7d358&apos;, time: &apos;2018-11-14T08:17:03&apos;&#10;System info: host: &apos;LAPTOP-G84QL9LV&apos;, ip: &apos;192.168.0.15&apos;, os.name: &apos;Windows 10&apos;, os.arch: &apos;amd64&apos;, os.version: &apos;10.0&apos;, java.version: &apos;17.0.1&apos;&#10;Driver info: driver.version: FirefoxDriver&#10;remote stacktrace: "/>
  </testcase>
  <testcase name="closePage" classname="tests.TDLogInTest" time="0">
    <skipped/>
  </testcase>
  <testcase name="closePage" classname="tests.TDLogInTest" time="0">
    <skipped/>
  </testcase>
  <testcase name="closePage" classname="tests.TDLogInTest" time="0">
    <skipped/>
  </testcase>
  <testcase name="emptyUserTest" classname="tests.TDLogInTest" time="0">
    <skipped message="Process unexpectedly closed with status 0&#10;Build info: version: &apos;3.141.59&apos;, revision: &apos;e82be7d358&apos;, time: &apos;2018-11-14T08:17:03&apos;&#10;System info: host: &apos;LAPTOP-G84QL9LV&apos;, ip: &apos;192.168.0.15&apos;, os.name: &apos;Windows 10&apos;, os.arch: &apos;amd64&apos;, os.version: &apos;10.0&apos;, java.version: &apos;17.0.1&apos;&#10;Driver info: driver.version: FirefoxDriver&#10;remote stacktrace: "/>
  </testcase>
  <testcase name="emptyPassTest" classname="tests.TDLogInTest" time="0">
    <skipped message="Process unexpectedly closed with status 0&#10;Build info: version: &apos;3.141.59&apos;, revision: &apos;e82be7d358&apos;, time: &apos;2018-11-14T08:17:03&apos;&#10;System info: host: &apos;LAPTOP-G84QL9LV&apos;, ip: &apos;192.168.0.15&apos;, os.name: &apos;Windows 10&apos;, os.arch: &apos;amd64&apos;, os.version: &apos;10.0&apos;, java.version: &apos;17.0.1&apos;&#10;Driver info: driver.version: FirefoxDriver&#10;remote stacktrace: "/>
  </testcase>
</testsuite>