<?xml version="1.0" encoding="UTF-8"?>
<testng-results ignored="0" total="3" passed="3" failed="0" skipped="0">
  <reporter-output>
  </reporter-output>
  <suite started-at="2021-04-14T02:44:12Z" name="Suite" finished-at="2021-04-14T02:44:49Z" duration-ms="36972">
    <groups>
    </groups>
    <test started-at="2021-04-14T02:44:12Z" name="Test" finished-at="2021-04-14T02:44:49Z" duration-ms="36972">
      <class name="tests.TDLogInTest">
        <test-method is-config="true" signature="openTDPage()[pri:0, instance:tests.TDLogInTest@1786dec2]" started-at="2021-04-14T02:44:12Z" name="openTDPage" finished-at="2021-04-14T02:44:17Z" duration-ms="5061" status="PASS">
          <reporter-output>
          </reporter-output>
        </test-method> <!-- openTDPage -->
        <test-method signature="logIn()[pri:1, instance:tests.TDLogInTest@1786dec2]" started-at="2021-04-14T02:44:17Z" name="logIn" finished-at="2021-04-14T02:44:25Z" duration-ms="7411" status="PASS">
          <reporter-output>
          </reporter-output>
        </test-method> <!-- logIn -->
        <test-method is-config="true" signature="closePage()[pri:0, instance:tests.TDLogInTest@1786dec2]" started-at="2021-04-14T02:44:25Z" name="closePage" finished-at="2021-04-14T02:44:26Z" duration-ms="766" status="PASS">
          <reporter-output>
          </reporter-output>
        </test-method> <!-- closePage -->
        <test-method is-config="true" signature="openTDPage()[pri:0, instance:tests.TDLogInTest@1786dec2]" started-at="2021-04-14T02:44:26Z" name="openTDPage" finished-at="2021-04-14T02:44:30Z" duration-ms="4623" status="PASS">
          <reporter-output>
          </reporter-output>
        </test-method> <!-- openTDPage -->
        <test-method signature="emptyUserTest()[pri:2, instance:tests.TDLogInTest@1786dec2]" started-at="2021-04-14T02:44:30Z" name="emptyUserTest" finished-at="2021-04-14T02:44:36Z" duration-ms="5970" status="PASS">
          <reporter-output>
          </reporter-output>
        </test-method> <!-- emptyUserTest -->
        <test-method is-config="true" signature="closePage()[pri:0, instance:tests.TDLogInTest@1786dec2]" started-at="2021-04-14T02:44:36Z" name="closePage" finished-at="2021-04-14T02:44:37Z" duration-ms="585" status="PASS">
          <reporter-output>
          </reporter-output>
        </test-method> <!-- closePage -->
        <test-method is-config="true" signature="openTDPage()[pri:0, instance:tests.TDLogInTest@1786dec2]" started-at="2021-04-14T02:44:37Z" name="openTDPage" finished-at="2021-04-14T02:44:42Z" duration-ms="5145" status="PASS">
          <reporter-output>
          </reporter-output>
        </test-method> <!-- openTDPage -->
        <test-method signature="emptyPassTest()[pri:3, instance:tests.TDLogInTest@1786dec2]" started-at="2021-04-14T02:44:42Z" name="emptyPassTest" finished-at="2021-04-14T02:44:49Z" duration-ms="6757" status="PASS">
          <reporter-output>
          </reporter-output>
        </test-method> <!-- emptyPassTest -->
        <test-method is-config="true" signature="closePage()[pri:0, instance:tests.TDLogInTest@1786dec2]" started-at="2021-04-14T02:44:49Z" name="closePage" finished-at="2021-04-14T02:44:49Z" duration-ms="641" status="PASS">
          <reporter-output>
          </reporter-output>
        </test-method> <!-- closePage -->
      </class> <!-- tests.TDLogInTest -->
    </test> <!-- Test -->
  </suite> <!-- Suite -->
</testng-results>
